  functions.cpp
  Generating Code...
  Skipping... (no relevant changes detected)
  main.cpp
main.obj : error LNK2019: unresolved external symbol "void __cdecl linEquat(void)" (?linEquat@@YAXXZ) referenced in function _main
main.obj : error LNK2019: unresolved external symbol "void __cdecl sqrEquat(void)" (?sqrEquat@@YAXXZ) referenced in function _main
main.obj : error LNK2019: unresolved external symbol "void __cdecl aritMeanOfArray(void)" (?aritMeanOfArray@@YAXXZ) referenced in function _main
main.obj : error LNK2019: unresolved external symbol "void __cdecl matrMult(void)" (?matrMult@@YAXXZ) referenced in function _main
C:\Users\Svaytoslav\Desktop\Code\#8. TemplateFunctionsForAbsNumber\templateFunctions\Debug\templateFunctions.exe : fatal error LNK1120: 4 unresolved externals
